# JRE version: Java(TM) SE Runtime Environment (17.0+35) (build 17+35-LTS-2724)
# Java VM: Java HotSpot(TM) 64-Bit Server VM (17+35-LTS-2724, mixed mode, sharing, tiered, compressed oops, compressed class ptrs, g1 gc, windows-amd64)
GC Precious Log:
 CPUs: 12 total, 12 available
 Memory: 32702M
 Large Page Support: Disabled
 NUMA Support: Disabled
 Compressed Oops: Enabled (Zero based)
 Heap Region Size: 4M
 Heap Min Capacity: 8M
 Heap Initial Capacity: 512M
 Heap Max Capacity: 8176M
 Pre-touch: Disabled
 Parallel Workers: 10
 Concurrent Workers: 3
 Concurrent Refinement Workers: 10
 Periodic GC: Disabled
Heap:
 garbage-first heap   total 69632K, used 20519K [0x0000000601000000, 0x0000000800000000)
  region size 4096K, 5 young (20480K), 2 survivors (8192K)
 Metaspace       used 24077K, committed 24320K, reserved 1073152K
  class space    used 2646K, committed 2752K, reserved 1048576K
GC Heap History (6 events):
Event: 0.210 GC heap before
{Heap before GC invocations=0 (full 0):
 garbage-first heap   total 524288K, used 20480K [0x0000000601000000, 0x0000000800000000)
  region size 4096K, 6 young (24576K), 0 survivors (0K)
 Metaspace       used 806K, committed 960K, reserved 1056768K
  class space    used 46K, committed 128K, reserved 1048576K
}
Event: 0.213 GC heap after
{Heap after GC invocations=1 (full 0):
 garbage-first heap   total 524288K, used 4801K [0x0000000601000000, 0x0000000800000000)
  region size 4096K, 1 young (4096K), 1 survivors (4096K)
 Metaspace       used 806K, committed 960K, reserved 1056768K
  class space    used 46K, committed 128K, reserved 1048576K
}
Event: 0.290 GC heap before
{Heap before GC invocations=1 (full 0):
 garbage-first heap   total 524288K, used 21185K [0x0000000601000000, 0x0000000800000000)
  region size 4096K, 6 young (24576K), 1 survivors (4096K)
 Metaspace       used 1385K, committed 1536K, reserved 1056768K
  class space    used 104K, committed 192K, reserved 1048576K
}
Event: 0.293 GC heap after
{Heap after GC invocations=2 (full 0):
 garbage-first heap   total 524288K, used 5890K [0x0000000601000000, 0x0000000800000000)
  region size 4096K, 1 young (4096K), 1 survivors (4096K)
 Metaspace       used 1385K, committed 1536K, reserved 1056768K
  class space    used 104K, committed 192K, reserved 1048576K
}
Event: 10.225 GC heap before
{Heap before GC invocations=2 (full 0):
 garbage-first heap   total 524288K, used 50946K [0x0000000601000000, 0x0000000800000000)
  region size 4096K, 13 young (53248K), 1 survivors (4096K)
 Metaspace       used 21231K, committed 21504K, reserved 1073152K
  class space    used 2324K, committed 2496K, reserved 1048576K
}
Event: 10.231 GC heap after
{Heap after GC invocations=3 (full 0):
 garbage-first heap   total 524288K, used 12327K [0x0000000601000000, 0x0000000800000000)
  region size 4096K, 2 young (8192K), 2 survivors (8192K)
 Metaspace       used 21231K, committed 21504K, reserved 1073152K
  class space    used 2324K, committed 2496K, reserved 1048576K
}

